{"message":"::1 - - [04/Jan/2021:09:35:40 +0000] \"OPTIONS /api/auth/login HTTP/1.1\" 200 4 \"http://localhost:4200/\" \"Mozilla/5.0 (Windows NT 10.0; Win64; x64) AppleWebKit/537.36 (KHTML, like Gecko) Chrome/87.0.4280.88 Safari/537.36\"\n","level":"info"}
{"message":"::1 - - [04/Jan/2021:09:35:42 +0000] \"POST /api/auth/login HTTP/1.1\" 200 224 \"http://localhost:4200/\" \"Mozilla/5.0 (Windows NT 10.0; Win64; x64) AppleWebKit/537.36 (KHTML, like Gecko) Chrome/87.0.4280.88 Safari/537.36\"\n","level":"info"}
{"message":"::1 - - [04/Jan/2021:09:35:42 +0000] \"OPTIONS /api/sauces HTTP/1.1\" 200 13 \"http://localhost:4200/\" \"Mozilla/5.0 (Windows NT 10.0; Win64; x64) AppleWebKit/537.36 (KHTML, like Gecko) Chrome/87.0.4280.88 Safari/537.36\"\n","level":"info"}
{"message":"::1 - - [04/Jan/2021:09:35:42 +0000] \"GET /api/sauces HTTP/1.1\" 304 - \"http://localhost:4200/\" \"Mozilla/5.0 (Windows NT 10.0; Win64; x64) AppleWebKit/537.36 (KHTML, like Gecko) Chrome/87.0.4280.88 Safari/537.36\"\n","level":"info"}
{"message":"::1 - - [04/Jan/2021:09:35:42 +0000] \"GET /images/1609345642595sauce2.jpg HTTP/1.1\" 304 - \"http://localhost:4200/\" \"Mozilla/5.0 (Windows NT 10.0; Win64; x64) AppleWebKit/537.36 (KHTML, like Gecko) Chrome/87.0.4280.88 Safari/537.36\"\n","level":"info"}
{"message":"::1 - - [04/Jan/2021:09:35:42 +0000] \"GET /images/1609346098052sauce4.jpg HTTP/1.1\" 304 - \"http://localhost:4200/\" \"Mozilla/5.0 (Windows NT 10.0; Win64; x64) AppleWebKit/537.36 (KHTML, like Gecko) Chrome/87.0.4280.88 Safari/537.36\"\n","level":"info"}
{"message":"::1 - - [04/Jan/2021:09:35:42 +0000] \"GET /images/1609345931928sauce3.jpg HTTP/1.1\" 304 - \"http://localhost:4200/\" \"Mozilla/5.0 (Windows NT 10.0; Win64; x64) AppleWebKit/537.36 (KHTML, like Gecko) Chrome/87.0.4280.88 Safari/537.36\"\n","level":"info"}
{"message":"::1 - - [04/Jan/2021:09:35:42 +0000] \"GET /images/1609346034317sauce5.jpg HTTP/1.1\" 304 - \"http://localhost:4200/\" \"Mozilla/5.0 (Windows NT 10.0; Win64; x64) AppleWebKit/537.36 (KHTML, like Gecko) Chrome/87.0.4280.88 Safari/537.36\"\n","level":"info"}
{"message":"::1 - - [04/Jan/2021:09:36:12 +0000] \"OPTIONS /api/sauces HTTP/1.1\" 200 13 \"http://localhost:4200/\" \"Mozilla/5.0 (Windows NT 10.0; Win64; x64) AppleWebKit/537.36 (KHTML, like Gecko) Chrome/87.0.4280.88 Safari/537.36\"\n","level":"info"}
{"message":"::1 - - [04/Jan/2021:09:36:12 +0000] \"POST /api/sauces HTTP/1.1\" 201 38 \"http://localhost:4200/\" \"Mozilla/5.0 (Windows NT 10.0; Win64; x64) AppleWebKit/537.36 (KHTML, like Gecko) Chrome/87.0.4280.88 Safari/537.36\"\n","level":"info"}
{"message":"::1 - - [04/Jan/2021:09:36:12 +0000] \"GET /api/sauces HTTP/1.1\" 200 1881 \"http://localhost:4200/\" \"Mozilla/5.0 (Windows NT 10.0; Win64; x64) AppleWebKit/537.36 (KHTML, like Gecko) Chrome/87.0.4280.88 Safari/537.36\"\n","level":"info"}
{"message":"::1 - - [04/Jan/2021:09:36:13 +0000] \"GET /images/1609752972735sauce1.jpg HTTP/1.1\" 200 78910 \"http://localhost:4200/\" \"Mozilla/5.0 (Windows NT 10.0; Win64; x64) AppleWebKit/537.36 (KHTML, like Gecko) Chrome/87.0.4280.88 Safari/537.36\"\n","level":"info"}
{"message":"::1 - - [04/Jan/2021:09:36:18 +0000] \"OPTIONS /api/sauces/5ff2e18c1eefb40d6c9de68a HTTP/1.1\" 200 19 \"http://localhost:4200/\" \"Mozilla/5.0 (Windows NT 10.0; Win64; x64) AppleWebKit/537.36 (KHTML, like Gecko) Chrome/87.0.4280.88 Safari/537.36\"\n","level":"info"}
{"message":"::1 - - [04/Jan/2021:09:36:18 +0000] \"GET /api/sauces/5ff2e18c1eefb40d6c9de68a HTTP/1.1\" 200 329 \"http://localhost:4200/\" \"Mozilla/5.0 (Windows NT 10.0; Win64; x64) AppleWebKit/537.36 (KHTML, like Gecko) Chrome/87.0.4280.88 Safari/537.36\"\n","level":"info"}
{"message":"::1 - - [04/Jan/2021:09:40:25 +0000] \"OPTIONS /api/sauces/5ff2e18c1eefb40d6c9de68a/like HTTP/1.1\" 200 4 \"http://localhost:4200/\" \"Mozilla/5.0 (Windows NT 10.0; Win64; x64) AppleWebKit/537.36 (KHTML, like Gecko) Chrome/87.0.4280.88 Safari/537.36\"\n","level":"info"}
{"message":"::1 - - [04/Jan/2021:09:40:26 +0000] \"POST /api/sauces/5ff2e18c1eefb40d6c9de68a/like HTTP/1.1\" 200 31 \"http://localhost:4200/\" \"Mozilla/5.0 (Windows NT 10.0; Win64; x64) AppleWebKit/537.36 (KHTML, like Gecko) Chrome/87.0.4280.88 Safari/537.36\"\n","level":"info"}
{"message":"::1 - - [04/Jan/2021:09:40:28 +0000] \"OPTIONS /api/sauces HTTP/1.1\" 200 13 \"http://localhost:4200/\" \"Mozilla/5.0 (Windows NT 10.0; Win64; x64) AppleWebKit/537.36 (KHTML, like Gecko) Chrome/87.0.4280.88 Safari/537.36\"\n","level":"info"}
{"message":"::1 - - [04/Jan/2021:09:40:28 +0000] \"GET /api/sauces HTTP/1.1\" 200 1907 \"http://localhost:4200/\" \"Mozilla/5.0 (Windows NT 10.0; Win64; x64) AppleWebKit/537.36 (KHTML, like Gecko) Chrome/87.0.4280.88 Safari/537.36\"\n","level":"info"}
{"message":"::1 - - [04/Jan/2021:09:41:03 +0000] \"OPTIONS /api/auth/signup HTTP/1.1\" 200 4 \"http://localhost:4200/\" \"Mozilla/5.0 (Windows NT 10.0; Win64; x64) AppleWebKit/537.36 (KHTML, like Gecko) Chrome/87.0.4280.88 Safari/537.36\"\n","level":"info"}
{"message":"::1 - - [04/Jan/2021:09:41:05 +0000] \"POST /api/auth/signup HTTP/1.1\" 200 45 \"http://localhost:4200/\" \"Mozilla/5.0 (Windows NT 10.0; Win64; x64) AppleWebKit/537.36 (KHTML, like Gecko) Chrome/87.0.4280.88 Safari/537.36\"\n","level":"info"}
{"message":"::1 - - [04/Jan/2021:09:41:05 +0000] \"OPTIONS /api/auth/login HTTP/1.1\" 200 4 \"http://localhost:4200/\" \"Mozilla/5.0 (Windows NT 10.0; Win64; x64) AppleWebKit/537.36 (KHTML, like Gecko) Chrome/87.0.4280.88 Safari/537.36\"\n","level":"info"}
{"message":"::1 - - [04/Jan/2021:09:41:07 +0000] \"POST /api/auth/login HTTP/1.1\" 200 224 \"http://localhost:4200/\" \"Mozilla/5.0 (Windows NT 10.0; Win64; x64) AppleWebKit/537.36 (KHTML, like Gecko) Chrome/87.0.4280.88 Safari/537.36\"\n","level":"info"}
{"message":"::1 - - [04/Jan/2021:09:41:07 +0000] \"OPTIONS /api/sauces HTTP/1.1\" 200 13 \"http://localhost:4200/\" \"Mozilla/5.0 (Windows NT 10.0; Win64; x64) AppleWebKit/537.36 (KHTML, like Gecko) Chrome/87.0.4280.88 Safari/537.36\"\n","level":"info"}
{"message":"::1 - - [04/Jan/2021:09:41:07 +0000] \"GET /api/sauces HTTP/1.1\" 304 - \"http://localhost:4200/\" \"Mozilla/5.0 (Windows NT 10.0; Win64; x64) AppleWebKit/537.36 (KHTML, like Gecko) Chrome/87.0.4280.88 Safari/537.36\"\n","level":"info"}
{"message":"::1 - - [04/Jan/2021:09:41:09 +0000] \"OPTIONS /api/sauces/5fecaa6a0b8a663840a67068 HTTP/1.1\" 200 19 \"http://localhost:4200/\" \"Mozilla/5.0 (Windows NT 10.0; Win64; x64) AppleWebKit/537.36 (KHTML, like Gecko) Chrome/87.0.4280.88 Safari/537.36\"\n","level":"info"}
{"message":"::1 - - [04/Jan/2021:09:41:09 +0000] \"GET /api/sauces/5fecaa6a0b8a663840a67068 HTTP/1.1\" 304 - \"http://localhost:4200/\" \"Mozilla/5.0 (Windows NT 10.0; Win64; x64) AppleWebKit/537.36 (KHTML, like Gecko) Chrome/87.0.4280.88 Safari/537.36\"\n","level":"info"}
{"message":"::1 - - [04/Jan/2021:09:41:13 +0000] \"OPTIONS /api/sauces/5fecaa6a0b8a663840a67068/like HTTP/1.1\" 200 4 \"http://localhost:4200/\" \"Mozilla/5.0 (Windows NT 10.0; Win64; x64) AppleWebKit/537.36 (KHTML, like Gecko) Chrome/87.0.4280.88 Safari/537.36\"\n","level":"info"}
{"message":"::1 - - [04/Jan/2021:09:41:13 +0000] \"POST /api/sauces/5fecaa6a0b8a663840a67068/like HTTP/1.1\" 200 31 \"http://localhost:4200/\" \"Mozilla/5.0 (Windows NT 10.0; Win64; x64) AppleWebKit/537.36 (KHTML, like Gecko) Chrome/87.0.4280.88 Safari/537.36\"\n","level":"info"}
{"message":"::1 - - [04/Jan/2021:09:41:14 +0000] \"OPTIONS /api/sauces HTTP/1.1\" 200 13 \"http://localhost:4200/\" \"Mozilla/5.0 (Windows NT 10.0; Win64; x64) AppleWebKit/537.36 (KHTML, like Gecko) Chrome/87.0.4280.88 Safari/537.36\"\n","level":"info"}
{"message":"::1 - - [04/Jan/2021:09:41:14 +0000] \"GET /api/sauces HTTP/1.1\" 200 1934 \"http://localhost:4200/\" \"Mozilla/5.0 (Windows NT 10.0; Win64; x64) AppleWebKit/537.36 (KHTML, like Gecko) Chrome/87.0.4280.88 Safari/537.36\"\n","level":"info"}
{"message":"::1 - - [04/Jan/2021:09:41:16 +0000] \"OPTIONS /api/sauces/5fecac32150e232c2c40e5d0 HTTP/1.1\" 200 19 \"http://localhost:4200/\" \"Mozilla/5.0 (Windows NT 10.0; Win64; x64) AppleWebKit/537.36 (KHTML, like Gecko) Chrome/87.0.4280.88 Safari/537.36\"\n","level":"info"}
{"message":"::1 - - [04/Jan/2021:09:41:16 +0000] \"GET /api/sauces/5fecac32150e232c2c40e5d0 HTTP/1.1\" 304 - \"http://localhost:4200/\" \"Mozilla/5.0 (Windows NT 10.0; Win64; x64) AppleWebKit/537.36 (KHTML, like Gecko) Chrome/87.0.4280.88 Safari/537.36\"\n","level":"info"}
{"message":"::1 - - [04/Jan/2021:09:41:18 +0000] \"OPTIONS /api/sauces/5fecac32150e232c2c40e5d0/like HTTP/1.1\" 200 4 \"http://localhost:4200/\" \"Mozilla/5.0 (Windows NT 10.0; Win64; x64) AppleWebKit/537.36 (KHTML, like Gecko) Chrome/87.0.4280.88 Safari/537.36\"\n","level":"info"}
{"message":"::1 - - [04/Jan/2021:09:41:18 +0000] \"POST /api/sauces/5fecac32150e232c2c40e5d0/like HTTP/1.1\" 200 28 \"http://localhost:4200/\" \"Mozilla/5.0 (Windows NT 10.0; Win64; x64) AppleWebKit/537.36 (KHTML, like Gecko) Chrome/87.0.4280.88 Safari/537.36\"\n","level":"info"}
{"message":"::1 - - [04/Jan/2021:09:41:19 +0000] \"OPTIONS /api/sauces HTTP/1.1\" 200 13 \"http://localhost:4200/\" \"Mozilla/5.0 (Windows NT 10.0; Win64; x64) AppleWebKit/537.36 (KHTML, like Gecko) Chrome/87.0.4280.88 Safari/537.36\"\n","level":"info"}
{"message":"::1 - - [04/Jan/2021:09:41:19 +0000] \"GET /api/sauces HTTP/1.1\" 200 1961 \"http://localhost:4200/\" \"Mozilla/5.0 (Windows NT 10.0; Win64; x64) AppleWebKit/537.36 (KHTML, like Gecko) Chrome/87.0.4280.88 Safari/537.36\"\n","level":"info"}
{"message":"::1 - - [12/Jan/2021:12:09:00 +0000] \"OPTIONS /api/auth/login HTTP/1.1\" 200 4 \"http://localhost:4200/\" \"Mozilla/5.0 (Windows NT 10.0; Win64; x64) AppleWebKit/537.36 (KHTML, like Gecko) Chrome/87.0.4280.88 Safari/537.36\"\n","level":"info"}
{"message":"::1 - - [12/Jan/2021:12:09:02 +0000] \"POST /api/auth/login HTTP/1.1\" 200 224 \"http://localhost:4200/\" \"Mozilla/5.0 (Windows NT 10.0; Win64; x64) AppleWebKit/537.36 (KHTML, like Gecko) Chrome/87.0.4280.88 Safari/537.36\"\n","level":"info"}
{"message":"::1 - - [12/Jan/2021:12:09:02 +0000] \"OPTIONS /api/sauces HTTP/1.1\" 200 13 \"http://localhost:4200/\" \"Mozilla/5.0 (Windows NT 10.0; Win64; x64) AppleWebKit/537.36 (KHTML, like Gecko) Chrome/87.0.4280.88 Safari/537.36\"\n","level":"info"}
{"message":"::1 - - [12/Jan/2021:12:09:02 +0000] \"GET /api/sauces HTTP/1.1\" 200 1961 \"http://localhost:4200/\" \"Mozilla/5.0 (Windows NT 10.0; Win64; x64) AppleWebKit/537.36 (KHTML, like Gecko) Chrome/87.0.4280.88 Safari/537.36\"\n","level":"info"}
{"message":"::1 - - [12/Jan/2021:12:09:02 +0000] \"GET /images/1609345642595sauce2.jpg HTTP/1.1\" 200 6044 \"http://localhost:4200/\" \"Mozilla/5.0 (Windows NT 10.0; Win64; x64) AppleWebKit/537.36 (KHTML, like Gecko) Chrome/87.0.4280.88 Safari/537.36\"\n","level":"info"}
{"message":"::1 - - [12/Jan/2021:12:09:02 +0000] \"GET /images/1609346034317sauce5.jpg HTTP/1.1\" 200 8374 \"http://localhost:4200/\" \"Mozilla/5.0 (Windows NT 10.0; Win64; x64) AppleWebKit/537.36 (KHTML, like Gecko) Chrome/87.0.4280.88 Safari/537.36\"\n","level":"info"}
{"message":"::1 - - [12/Jan/2021:12:09:02 +0000] \"GET /images/1609345931928sauce3.jpg HTTP/1.1\" 200 4851 \"http://localhost:4200/\" \"Mozilla/5.0 (Windows NT 10.0; Win64; x64) AppleWebKit/537.36 (KHTML, like Gecko) Chrome/87.0.4280.88 Safari/537.36\"\n","level":"info"}
{"message":"::1 - - [12/Jan/2021:12:09:03 +0000] \"GET /images/1609752972735sauce1.jpg HTTP/1.1\" 200 78910 \"http://localhost:4200/\" \"Mozilla/5.0 (Windows NT 10.0; Win64; x64) AppleWebKit/537.36 (KHTML, like Gecko) Chrome/87.0.4280.88 Safari/537.36\"\n","level":"info"}
{"message":"::1 - - [12/Jan/2021:12:09:03 +0000] \"GET /images/1609346098052sauce4.jpg HTTP/1.1\" 200 12620 \"http://localhost:4200/\" \"Mozilla/5.0 (Windows NT 10.0; Win64; x64) AppleWebKit/537.36 (KHTML, like Gecko) Chrome/87.0.4280.88 Safari/537.36\"\n","level":"info"}
{"message":"::1 - - [12/Jan/2021:12:17:51 +0000] \"OPTIONS /api/sauces HTTP/1.1\" 200 13 \"http://localhost:4200/\" \"Mozilla/5.0 (Windows NT 10.0; Win64; x64) AppleWebKit/537.36 (KHTML, like Gecko) Chrome/87.0.4280.88 Safari/537.36\"\n","level":"info"}
{"message":"::1 - - [12/Jan/2021:12:17:51 +0000] \"POST /api/sauces HTTP/1.1\" 201 38 \"http://localhost:4200/\" \"Mozilla/5.0 (Windows NT 10.0; Win64; x64) AppleWebKit/537.36 (KHTML, like Gecko) Chrome/87.0.4280.88 Safari/537.36\"\n","level":"info"}
{"message":"::1 - - [12/Jan/2021:12:17:51 +0000] \"GET /api/sauces HTTP/1.1\" 200 2291 \"http://localhost:4200/\" \"Mozilla/5.0 (Windows NT 10.0; Win64; x64) AppleWebKit/537.36 (KHTML, like Gecko) Chrome/87.0.4280.88 Safari/537.36\"\n","level":"info"}
{"message":"::1 - - [12/Jan/2021:12:17:51 +0000] \"GET /images/1610453871556sauce4.jpg HTTP/1.1\" 200 12620 \"http://localhost:4200/\" \"Mozilla/5.0 (Windows NT 10.0; Win64; x64) AppleWebKit/537.36 (KHTML, like Gecko) Chrome/87.0.4280.88 Safari/537.36\"\n","level":"info"}
{"message":"::1 - - [12/Jan/2021:12:17:54 +0000] \"OPTIONS /api/sauces/5ffd936f2b1a6e3e80107290 HTTP/1.1\" 200 19 \"http://localhost:4200/\" \"Mozilla/5.0 (Windows NT 10.0; Win64; x64) AppleWebKit/537.36 (KHTML, like Gecko) Chrome/87.0.4280.88 Safari/537.36\"\n","level":"info"}
{"message":"::1 - - [12/Jan/2021:12:17:54 +0000] \"GET /api/sauces/5ffd936f2b1a6e3e80107290 HTTP/1.1\" 200 329 \"http://localhost:4200/\" \"Mozilla/5.0 (Windows NT 10.0; Win64; x64) AppleWebKit/537.36 (KHTML, like Gecko) Chrome/87.0.4280.88 Safari/537.36\"\n","level":"info"}
{"message":"::1 - - [12/Jan/2021:12:17:58 +0000] \"OPTIONS /api/sauces HTTP/1.1\" 200 13 \"http://localhost:4200/\" \"Mozilla/5.0 (Windows NT 10.0; Win64; x64) AppleWebKit/537.36 (KHTML, like Gecko) Chrome/87.0.4280.88 Safari/537.36\"\n","level":"info"}
{"message":"::1 - - [12/Jan/2021:12:17:58 +0000] \"GET /api/sauces HTTP/1.1\" 304 - \"http://localhost:4200/\" \"Mozilla/5.0 (Windows NT 10.0; Win64; x64) AppleWebKit/537.36 (KHTML, like Gecko) Chrome/87.0.4280.88 Safari/537.36\"\n","level":"info"}
{"message":"::1 - - [12/Jan/2021:12:18:00 +0000] \"OPTIONS /api/sauces/5ffd936f2b1a6e3e80107290 HTTP/1.1\" 200 19 \"http://localhost:4200/\" \"Mozilla/5.0 (Windows NT 10.0; Win64; x64) AppleWebKit/537.36 (KHTML, like Gecko) Chrome/87.0.4280.88 Safari/537.36\"\n","level":"info"}
{"message":"::1 - - [12/Jan/2021:12:18:00 +0000] \"GET /api/sauces/5ffd936f2b1a6e3e80107290 HTTP/1.1\" 304 - \"http://localhost:4200/\" \"Mozilla/5.0 (Windows NT 10.0; Win64; x64) AppleWebKit/537.36 (KHTML, like Gecko) Chrome/87.0.4280.88 Safari/537.36\"\n","level":"info"}
{"message":"::1 - - [12/Jan/2021:12:18:02 +0000] \"OPTIONS /api/sauces/5ffd936f2b1a6e3e80107290/like HTTP/1.1\" 200 4 \"http://localhost:4200/\" \"Mozilla/5.0 (Windows NT 10.0; Win64; x64) AppleWebKit/537.36 (KHTML, like Gecko) Chrome/87.0.4280.88 Safari/537.36\"\n","level":"info"}
{"message":"::1 - - [12/Jan/2021:12:18:02 +0000] \"POST /api/sauces/5ffd936f2b1a6e3e80107290/like HTTP/1.1\" 200 28 \"http://localhost:4200/\" \"Mozilla/5.0 (Windows NT 10.0; Win64; x64) AppleWebKit/537.36 (KHTML, like Gecko) Chrome/87.0.4280.88 Safari/537.36\"\n","level":"info"}
{"message":"::1 - - [12/Jan/2021:12:18:23 +0000] \"OPTIONS /api/sauces HTTP/1.1\" 200 13 \"http://localhost:4200/\" \"Mozilla/5.0 (Windows NT 10.0; Win64; x64) AppleWebKit/537.36 (KHTML, like Gecko) Chrome/87.0.4280.88 Safari/537.36\"\n","level":"info"}
{"message":"::1 - - [12/Jan/2021:12:18:23 +0000] \"GET /api/sauces HTTP/1.1\" 200 2317 \"http://localhost:4200/\" \"Mozilla/5.0 (Windows NT 10.0; Win64; x64) AppleWebKit/537.36 (KHTML, like Gecko) Chrome/87.0.4280.88 Safari/537.36\"\n","level":"info"}
{"message":"::1 - - [12/Jan/2021:12:18:23 +0000] \"GET /images/1609345931928sauce3.jpg HTTP/1.1\" 304 - \"http://localhost:4200/\" \"Mozilla/5.0 (Windows NT 10.0; Win64; x64) AppleWebKit/537.36 (KHTML, like Gecko) Chrome/87.0.4280.88 Safari/537.36\"\n","level":"info"}
{"message":"::1 - - [12/Jan/2021:12:18:23 +0000] \"GET /images/1609345642595sauce2.jpg HTTP/1.1\" 304 - \"http://localhost:4200/\" \"Mozilla/5.0 (Windows NT 10.0; Win64; x64) AppleWebKit/537.36 (KHTML, like Gecko) Chrome/87.0.4280.88 Safari/537.36\"\n","level":"info"}
{"message":"::1 - - [12/Jan/2021:12:18:23 +0000] \"GET /images/1609346098052sauce4.jpg HTTP/1.1\" 304 - \"http://localhost:4200/\" \"Mozilla/5.0 (Windows NT 10.0; Win64; x64) AppleWebKit/537.36 (KHTML, like Gecko) Chrome/87.0.4280.88 Safari/537.36\"\n","level":"info"}
{"message":"::1 - - [12/Jan/2021:12:18:23 +0000] \"GET /images/1609752972735sauce1.jpg HTTP/1.1\" 304 - \"http://localhost:4200/\" \"Mozilla/5.0 (Windows NT 10.0; Win64; x64) AppleWebKit/537.36 (KHTML, like Gecko) Chrome/87.0.4280.88 Safari/537.36\"\n","level":"info"}
{"message":"::1 - - [12/Jan/2021:12:18:23 +0000] \"GET /images/1609346034317sauce5.jpg HTTP/1.1\" 304 - \"http://localhost:4200/\" \"Mozilla/5.0 (Windows NT 10.0; Win64; x64) AppleWebKit/537.36 (KHTML, like Gecko) Chrome/87.0.4280.88 Safari/537.36\"\n","level":"info"}
{"message":"::1 - - [12/Jan/2021:12:18:25 +0000] \"OPTIONS /api/sauces/5fecac32150e232c2c40e5d0 HTTP/1.1\" 200 19 \"http://localhost:4200/\" \"Mozilla/5.0 (Windows NT 10.0; Win64; x64) AppleWebKit/537.36 (KHTML, like Gecko) Chrome/87.0.4280.88 Safari/537.36\"\n","level":"info"}
{"message":"::1 - - [12/Jan/2021:12:18:25 +0000] \"GET /api/sauces/5fecac32150e232c2c40e5d0 HTTP/1.1\" 200 402 \"http://localhost:4200/\" \"Mozilla/5.0 (Windows NT 10.0; Win64; x64) AppleWebKit/537.36 (KHTML, like Gecko) Chrome/87.0.4280.88 Safari/537.36\"\n","level":"info"}
{"message":"::1 - - [12/Jan/2021:12:18:26 +0000] \"OPTIONS /api/sauces/5fecac32150e232c2c40e5d0/like HTTP/1.1\" 200 4 \"http://localhost:4200/\" \"Mozilla/5.0 (Windows NT 10.0; Win64; x64) AppleWebKit/537.36 (KHTML, like Gecko) Chrome/87.0.4280.88 Safari/537.36\"\n","level":"info"}
{"message":"::1 - - [12/Jan/2021:12:18:26 +0000] \"POST /api/sauces/5fecac32150e232c2c40e5d0/like HTTP/1.1\" 200 31 \"http://localhost:4200/\" \"Mozilla/5.0 (Windows NT 10.0; Win64; x64) AppleWebKit/537.36 (KHTML, like Gecko) Chrome/87.0.4280.88 Safari/537.36\"\n","level":"info"}
{"message":"::1 - - [13/Jan/2021:10:35:01 +0000] \"OPTIONS /api/auth/signup HTTP/1.1\" 200 4 \"http://localhost:4200/\" \"Mozilla/5.0 (Windows NT 10.0; Win64; x64) AppleWebKit/537.36 (KHTML, like Gecko) Chrome/87.0.4280.88 Safari/537.36\"\n","level":"info"}
{"message":"::1 - - [13/Jan/2021:10:35:03 +0000] \"POST /api/auth/signup HTTP/1.1\" 200 45 \"http://localhost:4200/\" \"Mozilla/5.0 (Windows NT 10.0; Win64; x64) AppleWebKit/537.36 (KHTML, like Gecko) Chrome/87.0.4280.88 Safari/537.36\"\n","level":"info"}
{"message":"::1 - - [13/Jan/2021:10:35:03 +0000] \"OPTIONS /api/auth/login HTTP/1.1\" 200 4 \"http://localhost:4200/\" \"Mozilla/5.0 (Windows NT 10.0; Win64; x64) AppleWebKit/537.36 (KHTML, like Gecko) Chrome/87.0.4280.88 Safari/537.36\"\n","level":"info"}
{"message":"::1 - - [13/Jan/2021:10:35:03 +0000] \"POST /api/auth/login HTTP/1.1\" 401 52 \"http://localhost:4200/\" \"Mozilla/5.0 (Windows NT 10.0; Win64; x64) AppleWebKit/537.36 (KHTML, like Gecko) Chrome/87.0.4280.88 Safari/537.36\"\n","level":"info"}
{"message":"::1 - - [13/Jan/2021:10:36:47 +0000] \"OPTIONS /api/auth/login HTTP/1.1\" 200 4 \"http://localhost:4200/\" \"Mozilla/5.0 (Windows NT 10.0; Win64; x64) AppleWebKit/537.36 (KHTML, like Gecko) Chrome/87.0.4280.88 Safari/537.36\"\n","level":"info"}
{"message":"::1 - - [13/Jan/2021:10:36:47 +0000] \"POST /api/auth/login HTTP/1.1\" 401 52 \"http://localhost:4200/\" \"Mozilla/5.0 (Windows NT 10.0; Win64; x64) AppleWebKit/537.36 (KHTML, like Gecko) Chrome/87.0.4280.88 Safari/537.36\"\n","level":"info"}
{"message":"::1 - - [13/Jan/2021:10:46:27 +0000] \"OPTIONS /api/auth/login HTTP/1.1\" 200 4 \"http://localhost:4200/\" \"Mozilla/5.0 (Windows NT 10.0; Win64; x64) AppleWebKit/537.36 (KHTML, like Gecko) Chrome/87.0.4280.88 Safari/537.36\"\n","level":"info"}
{"message":"500 - error is not defined - /api/auth/login - POST - ::1","level":"error"}
{"message":"::1 - - [13/Jan/2021:10:46:27 +0000] \"POST /api/auth/login HTTP/1.1\" 500 1599 \"http://localhost:4200/\" \"Mozilla/5.0 (Windows NT 10.0; Win64; x64) AppleWebKit/537.36 (KHTML, like Gecko) Chrome/87.0.4280.88 Safari/537.36\"\n","level":"info"}
{"message":"::1 - - [13/Jan/2021:10:48:15 +0000] \"OPTIONS /api/auth/login HTTP/1.1\" 200 4 \"http://localhost:4200/\" \"Mozilla/5.0 (Windows NT 10.0; Win64; x64) AppleWebKit/537.36 (KHTML, like Gecko) Chrome/87.0.4280.88 Safari/537.36\"\n","level":"info"}
{"message":"500 - error is not defined - /api/auth/login - POST - ::1","level":"error"}
{"message":"::1 - - [13/Jan/2021:10:48:15 +0000] \"POST /api/auth/login HTTP/1.1\" 500 1599 \"http://localhost:4200/\" \"Mozilla/5.0 (Windows NT 10.0; Win64; x64) AppleWebKit/537.36 (KHTML, like Gecko) Chrome/87.0.4280.88 Safari/537.36\"\n","level":"info"}
{"message":"::1 - - [13/Jan/2021:11:06:37 +0000] \"OPTIONS /api/auth/login HTTP/1.1\" 200 4 \"http://localhost:4200/\" \"Mozilla/5.0 (Windows NT 10.0; Win64; x64) AppleWebKit/537.36 (KHTML, like Gecko) Chrome/87.0.4280.88 Safari/537.36\"\n","level":"info"}
{"message":"500 - error is not defined - /api/auth/login - POST - ::1","level":"error"}
{"message":"::1 - - [13/Jan/2021:11:06:37 +0000] \"POST /api/auth/login HTTP/1.1\" 500 1599 \"http://localhost:4200/\" \"Mozilla/5.0 (Windows NT 10.0; Win64; x64) AppleWebKit/537.36 (KHTML, like Gecko) Chrome/87.0.4280.88 Safari/537.36\"\n","level":"info"}
{"message":"::1 - - [13/Jan/2021:11:07:07 +0000] \"OPTIONS /api/auth/login HTTP/1.1\" 200 4 \"http://localhost:4200/\" \"Mozilla/5.0 (Windows NT 10.0; Win64; x64) AppleWebKit/537.36 (KHTML, like Gecko) Chrome/87.0.4280.88 Safari/537.36\"\n","level":"info"}
{"message":"::1 - - [13/Jan/2021:11:07:07 +0000] \"POST /api/auth/login HTTP/1.1\" 401 52 \"http://localhost:4200/\" \"Mozilla/5.0 (Windows NT 10.0; Win64; x64) AppleWebKit/537.36 (KHTML, like Gecko) Chrome/87.0.4280.88 Safari/537.36\"\n","level":"info"}
{"message":"::1 - - [13/Jan/2021:11:21:04 +0000] \"OPTIONS /api/auth/signup HTTP/1.1\" 200 4 \"http://localhost:4200/\" \"Mozilla/5.0 (Windows NT 10.0; Win64; x64) AppleWebKit/537.36 (KHTML, like Gecko) Chrome/87.0.4280.88 Safari/537.36\"\n","level":"info"}
{"message":"::1 - - [13/Jan/2021:11:21:06 +0000] \"POST /api/auth/signup HTTP/1.1\" 500 12 \"http://localhost:4200/\" \"Mozilla/5.0 (Windows NT 10.0; Win64; x64) AppleWebKit/537.36 (KHTML, like Gecko) Chrome/87.0.4280.88 Safari/537.36\"\n","level":"info"}
{"message":"::1 - - [13/Jan/2021:11:22:19 +0000] \"OPTIONS /api/auth/signup HTTP/1.1\" 200 4 \"http://localhost:4200/\" \"Mozilla/5.0 (Windows NT 10.0; Win64; x64) AppleWebKit/537.36 (KHTML, like Gecko) Chrome/87.0.4280.88 Safari/537.36\"\n","level":"info"}
{"message":"::1 - - [13/Jan/2021:11:22:20 +0000] \"POST /api/auth/signup HTTP/1.1\" 500 12 \"http://localhost:4200/\" \"Mozilla/5.0 (Windows NT 10.0; Win64; x64) AppleWebKit/537.36 (KHTML, like Gecko) Chrome/87.0.4280.88 Safari/537.36\"\n","level":"info"}
{"message":"::1 - - [13/Jan/2021:11:23:08 +0000] \"OPTIONS /api/auth/signup HTTP/1.1\" 200 4 \"http://localhost:4200/\" \"Mozilla/5.0 (Windows NT 10.0; Win64; x64) AppleWebKit/537.36 (KHTML, like Gecko) Chrome/87.0.4280.88 Safari/537.36\"\n","level":"info"}
{"message":"::1 - - [13/Jan/2021:11:23:10 +0000] \"POST /api/auth/signup HTTP/1.1\" 500 12 \"http://localhost:4200/\" \"Mozilla/5.0 (Windows NT 10.0; Win64; x64) AppleWebKit/537.36 (KHTML, like Gecko) Chrome/87.0.4280.88 Safari/537.36\"\n","level":"info"}
{"message":"::1 - - [13/Jan/2021:11:24:04 +0000] \"OPTIONS /api/auth/signup HTTP/1.1\" 200 4 \"http://localhost:4200/\" \"Mozilla/5.0 (Windows NT 10.0; Win64; x64) AppleWebKit/537.36 (KHTML, like Gecko) Chrome/87.0.4280.88 Safari/537.36\"\n","level":"info"}
{"message":"::1 - - [13/Jan/2021:11:24:06 +0000] \"POST /api/auth/signup HTTP/1.1\" 200 45 \"http://localhost:4200/\" \"Mozilla/5.0 (Windows NT 10.0; Win64; x64) AppleWebKit/537.36 (KHTML, like Gecko) Chrome/87.0.4280.88 Safari/537.36\"\n","level":"info"}
{"message":"::1 - - [13/Jan/2021:11:24:06 +0000] \"OPTIONS /api/auth/login HTTP/1.1\" 200 4 \"http://localhost:4200/\" \"Mozilla/5.0 (Windows NT 10.0; Win64; x64) AppleWebKit/537.36 (KHTML, like Gecko) Chrome/87.0.4280.88 Safari/537.36\"\n","level":"info"}
{"message":"::1 - - [13/Jan/2021:11:24:08 +0000] \"POST /api/auth/login HTTP/1.1\" 200 224 \"http://localhost:4200/\" \"Mozilla/5.0 (Windows NT 10.0; Win64; x64) AppleWebKit/537.36 (KHTML, like Gecko) Chrome/87.0.4280.88 Safari/537.36\"\n","level":"info"}
{"message":"::1 - - [13/Jan/2021:11:24:08 +0000] \"OPTIONS /api/sauces HTTP/1.1\" 200 13 \"http://localhost:4200/\" \"Mozilla/5.0 (Windows NT 10.0; Win64; x64) AppleWebKit/537.36 (KHTML, like Gecko) Chrome/87.0.4280.88 Safari/537.36\"\n","level":"info"}
{"message":"::1 - - [13/Jan/2021:11:24:08 +0000] \"GET /api/sauces HTTP/1.1\" 200 2343 \"http://localhost:4200/\" \"Mozilla/5.0 (Windows NT 10.0; Win64; x64) AppleWebKit/537.36 (KHTML, like Gecko) Chrome/87.0.4280.88 Safari/537.36\"\n","level":"info"}
{"message":"::1 - - [13/Jan/2021:11:24:08 +0000] \"GET /images/1609345642595sauce2.jpg HTTP/1.1\" 304 - \"http://localhost:4200/\" \"Mozilla/5.0 (Windows NT 10.0; Win64; x64) AppleWebKit/537.36 (KHTML, like Gecko) Chrome/87.0.4280.88 Safari/537.36\"\n","level":"info"}
{"message":"::1 - - [13/Jan/2021:11:24:08 +0000] \"GET /images/1609345931928sauce3.jpg HTTP/1.1\" 304 - \"http://localhost:4200/\" \"Mozilla/5.0 (Windows NT 10.0; Win64; x64) AppleWebKit/537.36 (KHTML, like Gecko) Chrome/87.0.4280.88 Safari/537.36\"\n","level":"info"}
{"message":"::1 - - [13/Jan/2021:11:24:08 +0000] \"GET /images/1609346034317sauce5.jpg HTTP/1.1\" 304 - \"http://localhost:4200/\" \"Mozilla/5.0 (Windows NT 10.0; Win64; x64) AppleWebKit/537.36 (KHTML, like Gecko) Chrome/87.0.4280.88 Safari/537.36\"\n","level":"info"}
{"message":"::1 - - [13/Jan/2021:11:24:08 +0000] \"GET /images/1609346098052sauce4.jpg HTTP/1.1\" 304 - \"http://localhost:4200/\" \"Mozilla/5.0 (Windows NT 10.0; Win64; x64) AppleWebKit/537.36 (KHTML, like Gecko) Chrome/87.0.4280.88 Safari/537.36\"\n","level":"info"}
{"message":"::1 - - [13/Jan/2021:11:24:08 +0000] \"GET /images/1609752972735sauce1.jpg HTTP/1.1\" 304 - \"http://localhost:4200/\" \"Mozilla/5.0 (Windows NT 10.0; Win64; x64) AppleWebKit/537.36 (KHTML, like Gecko) Chrome/87.0.4280.88 Safari/537.36\"\n","level":"info"}
{"message":"::1 - - [13/Jan/2021:11:24:08 +0000] \"GET /images/1610453871556sauce4.jpg HTTP/1.1\" 304 - \"http://localhost:4200/\" \"Mozilla/5.0 (Windows NT 10.0; Win64; x64) AppleWebKit/537.36 (KHTML, like Gecko) Chrome/87.0.4280.88 Safari/537.36\"\n","level":"info"}
{"message":"::1 - - [13/Jan/2021:11:29:53 +0000] \"OPTIONS /api/auth/signup HTTP/1.1\" 200 4 \"http://localhost:4200/\" \"Mozilla/5.0 (Windows NT 10.0; Win64; x64) AppleWebKit/537.36 (KHTML, like Gecko) Chrome/87.0.4280.88 Safari/537.36\"\n","level":"info"}
{"message":"::1 - - [13/Jan/2021:11:29:54 +0000] \"POST /api/auth/signup HTTP/1.1\" 500 12 \"http://localhost:4200/\" \"Mozilla/5.0 (Windows NT 10.0; Win64; x64) AppleWebKit/537.36 (KHTML, like Gecko) Chrome/87.0.4280.88 Safari/537.36\"\n","level":"info"}
{"message":"::1 - - [13/Jan/2021:11:34:31 +0000] \"OPTIONS /api/auth/signup HTTP/1.1\" 200 4 \"http://localhost:4200/\" \"Mozilla/5.0 (Windows NT 10.0; Win64; x64) AppleWebKit/537.36 (KHTML, like Gecko) Chrome/87.0.4280.88 Safari/537.36\"\n","level":"info"}
{"message":"::1 - - [13/Jan/2021:11:34:33 +0000] \"POST /api/auth/signup HTTP/1.1\" 500 12 \"http://localhost:4200/\" \"Mozilla/5.0 (Windows NT 10.0; Win64; x64) AppleWebKit/537.36 (KHTML, like Gecko) Chrome/87.0.4280.88 Safari/537.36\"\n","level":"info"}
{"message":"::1 - - [13/Jan/2021:11:36:01 +0000] \"OPTIONS /api/auth/signup HTTP/1.1\" 200 4 \"http://localhost:4200/\" \"Mozilla/5.0 (Windows NT 10.0; Win64; x64) AppleWebKit/537.36 (KHTML, like Gecko) Chrome/87.0.4280.88 Safari/537.36\"\n","level":"info"}
{"message":"::1 - - [13/Jan/2021:11:36:03 +0000] \"POST /api/auth/signup HTTP/1.1\" 500 12 \"http://localhost:4200/\" \"Mozilla/5.0 (Windows NT 10.0; Win64; x64) AppleWebKit/537.36 (KHTML, like Gecko) Chrome/87.0.4280.88 Safari/537.36\"\n","level":"info"}
{"message":"::1 - - [13/Jan/2021:11:36:57 +0000] \"OPTIONS /api/auth/signup HTTP/1.1\" 200 4 \"http://localhost:4200/\" \"Mozilla/5.0 (Windows NT 10.0; Win64; x64) AppleWebKit/537.36 (KHTML, like Gecko) Chrome/87.0.4280.88 Safari/537.36\"\n","level":"info"}
{"message":"::1 - - [13/Jan/2021:11:36:59 +0000] \"POST /api/auth/signup HTTP/1.1\" 200 45 \"http://localhost:4200/\" \"Mozilla/5.0 (Windows NT 10.0; Win64; x64) AppleWebKit/537.36 (KHTML, like Gecko) Chrome/87.0.4280.88 Safari/537.36\"\n","level":"info"}
{"message":"::1 - - [13/Jan/2021:11:36:59 +0000] \"OPTIONS /api/auth/login HTTP/1.1\" 200 4 \"http://localhost:4200/\" \"Mozilla/5.0 (Windows NT 10.0; Win64; x64) AppleWebKit/537.36 (KHTML, like Gecko) Chrome/87.0.4280.88 Safari/537.36\"\n","level":"info"}
{"message":"::1 - - [13/Jan/2021:11:37:01 +0000] \"POST /api/auth/login HTTP/1.1\" 200 224 \"http://localhost:4200/\" \"Mozilla/5.0 (Windows NT 10.0; Win64; x64) AppleWebKit/537.36 (KHTML, like Gecko) Chrome/87.0.4280.88 Safari/537.36\"\n","level":"info"}
{"message":"::1 - - [13/Jan/2021:11:37:01 +0000] \"OPTIONS /api/sauces HTTP/1.1\" 200 13 \"http://localhost:4200/\" \"Mozilla/5.0 (Windows NT 10.0; Win64; x64) AppleWebKit/537.36 (KHTML, like Gecko) Chrome/87.0.4280.88 Safari/537.36\"\n","level":"info"}
{"message":"::1 - - [13/Jan/2021:11:37:01 +0000] \"GET /api/sauces HTTP/1.1\" 304 - \"http://localhost:4200/\" \"Mozilla/5.0 (Windows NT 10.0; Win64; x64) AppleWebKit/537.36 (KHTML, like Gecko) Chrome/87.0.4280.88 Safari/537.36\"\n","level":"info"}
{"message":"::1 - - [13/Jan/2021:11:37:01 +0000] \"GET /images/1609345642595sauce2.jpg HTTP/1.1\" 304 - \"http://localhost:4200/\" \"Mozilla/5.0 (Windows NT 10.0; Win64; x64) AppleWebKit/537.36 (KHTML, like Gecko) Chrome/87.0.4280.88 Safari/537.36\"\n","level":"info"}
{"message":"::1 - - [13/Jan/2021:11:37:01 +0000] \"GET /images/1609345931928sauce3.jpg HTTP/1.1\" 304 - \"http://localhost:4200/\" \"Mozilla/5.0 (Windows NT 10.0; Win64; x64) AppleWebKit/537.36 (KHTML, like Gecko) Chrome/87.0.4280.88 Safari/537.36\"\n","level":"info"}
{"message":"::1 - - [13/Jan/2021:11:37:01 +0000] \"GET /images/1609346034317sauce5.jpg HTTP/1.1\" 304 - \"http://localhost:4200/\" \"Mozilla/5.0 (Windows NT 10.0; Win64; x64) AppleWebKit/537.36 (KHTML, like Gecko) Chrome/87.0.4280.88 Safari/537.36\"\n","level":"info"}
{"message":"::1 - - [13/Jan/2021:11:37:01 +0000] \"GET /images/1609346098052sauce4.jpg HTTP/1.1\" 304 - \"http://localhost:4200/\" \"Mozilla/5.0 (Windows NT 10.0; Win64; x64) AppleWebKit/537.36 (KHTML, like Gecko) Chrome/87.0.4280.88 Safari/537.36\"\n","level":"info"}
{"message":"::1 - - [13/Jan/2021:11:37:01 +0000] \"GET /images/1609752972735sauce1.jpg HTTP/1.1\" 304 - \"http://localhost:4200/\" \"Mozilla/5.0 (Windows NT 10.0; Win64; x64) AppleWebKit/537.36 (KHTML, like Gecko) Chrome/87.0.4280.88 Safari/537.36\"\n","level":"info"}
{"message":"::1 - - [13/Jan/2021:11:37:01 +0000] \"GET /images/1610453871556sauce4.jpg HTTP/1.1\" 304 - \"http://localhost:4200/\" \"Mozilla/5.0 (Windows NT 10.0; Win64; x64) AppleWebKit/537.36 (KHTML, like Gecko) Chrome/87.0.4280.88 Safari/537.36\"\n","level":"info"}
{"message":"::1 - - [13/Jan/2021:11:47:22 +0000] \"OPTIONS /api/auth/signup HTTP/1.1\" 200 4 \"http://localhost:4200/\" \"Mozilla/5.0 (Windows NT 10.0; Win64; x64) AppleWebKit/537.36 (KHTML, like Gecko) Chrome/87.0.4280.88 Safari/537.36\"\n","level":"info"}
{"message":"::1 - - [13/Jan/2021:11:47:24 +0000] \"POST /api/auth/signup HTTP/1.1\" 500 12 \"http://localhost:4200/\" \"Mozilla/5.0 (Windows NT 10.0; Win64; x64) AppleWebKit/537.36 (KHTML, like Gecko) Chrome/87.0.4280.88 Safari/537.36\"\n","level":"info"}
{"message":"::1 - - [13/Jan/2021:11:48:13 +0000] \"OPTIONS /api/auth/signup HTTP/1.1\" 200 4 \"http://localhost:4200/\" \"Mozilla/5.0 (Windows NT 10.0; Win64; x64) AppleWebKit/537.36 (KHTML, like Gecko) Chrome/87.0.4280.88 Safari/537.36\"\n","level":"info"}
{"message":"::1 - - [13/Jan/2021:11:48:15 +0000] \"POST /api/auth/signup HTTP/1.1\" 500 12 \"http://localhost:4200/\" \"Mozilla/5.0 (Windows NT 10.0; Win64; x64) AppleWebKit/537.36 (KHTML, like Gecko) Chrome/87.0.4280.88 Safari/537.36\"\n","level":"info"}
{"message":"::1 - - [13/Jan/2021:11:54:53 +0000] \"OPTIONS /api/auth/signup HTTP/1.1\" 200 4 \"http://localhost:4200/\" \"Mozilla/5.0 (Windows NT 10.0; Win64; x64) AppleWebKit/537.36 (KHTML, like Gecko) Chrome/87.0.4280.88 Safari/537.36\"\n","level":"info"}
{"message":"::1 - - [13/Jan/2021:11:54:55 +0000] \"POST /api/auth/signup HTTP/1.1\" 200 45 \"http://localhost:4200/\" \"Mozilla/5.0 (Windows NT 10.0; Win64; x64) AppleWebKit/537.36 (KHTML, like Gecko) Chrome/87.0.4280.88 Safari/537.36\"\n","level":"info"}
{"message":"::1 - - [13/Jan/2021:11:54:55 +0000] \"OPTIONS /api/auth/login HTTP/1.1\" 200 4 \"http://localhost:4200/\" \"Mozilla/5.0 (Windows NT 10.0; Win64; x64) AppleWebKit/537.36 (KHTML, like Gecko) Chrome/87.0.4280.88 Safari/537.36\"\n","level":"info"}
{"message":"::1 - - [13/Jan/2021:11:54:55 +0000] \"POST /api/auth/login HTTP/1.1\" 401 52 \"http://localhost:4200/\" \"Mozilla/5.0 (Windows NT 10.0; Win64; x64) AppleWebKit/537.36 (KHTML, like Gecko) Chrome/87.0.4280.88 Safari/537.36\"\n","level":"info"}
{"message":"::1 - - [13/Jan/2021:11:56:23 +0000] \"OPTIONS /api/auth/signup HTTP/1.1\" 200 4 \"http://localhost:4200/\" \"Mozilla/5.0 (Windows NT 10.0; Win64; x64) AppleWebKit/537.36 (KHTML, like Gecko) Chrome/87.0.4280.88 Safari/537.36\"\n","level":"info"}
{"message":"::1 - - [13/Jan/2021:11:56:25 +0000] \"POST /api/auth/signup HTTP/1.1\" 400 522 \"http://localhost:4200/\" \"Mozilla/5.0 (Windows NT 10.0; Win64; x64) AppleWebKit/537.36 (KHTML, like Gecko) Chrome/87.0.4280.88 Safari/537.36\"\n","level":"info"}
{"message":"::1 - - [13/Jan/2021:11:59:14 +0000] \"OPTIONS /api/auth/signup HTTP/1.1\" 200 4 \"http://localhost:4200/\" \"Mozilla/5.0 (Windows NT 10.0; Win64; x64) AppleWebKit/537.36 (KHTML, like Gecko) Chrome/87.0.4280.88 Safari/537.36\"\n","level":"info"}
{"message":"::1 - - [13/Jan/2021:11:59:16 +0000] \"POST /api/auth/signup HTTP/1.1\" 400 340 \"http://localhost:4200/\" \"Mozilla/5.0 (Windows NT 10.0; Win64; x64) AppleWebKit/537.36 (KHTML, like Gecko) Chrome/87.0.4280.88 Safari/537.36\"\n","level":"info"}
{"message":"::1 - - [13/Jan/2021:12:02:31 +0000] \"OPTIONS /api/auth/signup HTTP/1.1\" 200 4 \"http://localhost:4200/\" \"Mozilla/5.0 (Windows NT 10.0; Win64; x64) AppleWebKit/537.36 (KHTML, like Gecko) Chrome/87.0.4280.88 Safari/537.36\"\n","level":"info"}
{"message":"::1 - - [13/Jan/2021:12:02:34 +0000] \"POST /api/auth/signup HTTP/1.1\" 200 45 \"http://localhost:4200/\" \"Mozilla/5.0 (Windows NT 10.0; Win64; x64) AppleWebKit/537.36 (KHTML, like Gecko) Chrome/87.0.4280.88 Safari/537.36\"\n","level":"info"}
{"message":"::1 - - [13/Jan/2021:12:02:34 +0000] \"OPTIONS /api/auth/login HTTP/1.1\" 200 4 \"http://localhost:4200/\" \"Mozilla/5.0 (Windows NT 10.0; Win64; x64) AppleWebKit/537.36 (KHTML, like Gecko) Chrome/87.0.4280.88 Safari/537.36\"\n","level":"info"}
{"message":"::1 - - [13/Jan/2021:12:02:35 +0000] \"POST /api/auth/login HTTP/1.1\" 200 224 \"http://localhost:4200/\" \"Mozilla/5.0 (Windows NT 10.0; Win64; x64) AppleWebKit/537.36 (KHTML, like Gecko) Chrome/87.0.4280.88 Safari/537.36\"\n","level":"info"}
{"message":"::1 - - [13/Jan/2021:12:02:35 +0000] \"OPTIONS /api/sauces HTTP/1.1\" 200 13 \"http://localhost:4200/\" \"Mozilla/5.0 (Windows NT 10.0; Win64; x64) AppleWebKit/537.36 (KHTML, like Gecko) Chrome/87.0.4280.88 Safari/537.36\"\n","level":"info"}
{"message":"::1 - - [13/Jan/2021:12:02:36 +0000] \"GET /api/sauces HTTP/1.1\" 304 - \"http://localhost:4200/\" \"Mozilla/5.0 (Windows NT 10.0; Win64; x64) AppleWebKit/537.36 (KHTML, like Gecko) Chrome/87.0.4280.88 Safari/537.36\"\n","level":"info"}
{"message":"::1 - - [13/Jan/2021:12:02:36 +0000] \"GET /images/1609345642595sauce2.jpg HTTP/1.1\" 304 - \"http://localhost:4200/\" \"Mozilla/5.0 (Windows NT 10.0; Win64; x64) AppleWebKit/537.36 (KHTML, like Gecko) Chrome/87.0.4280.88 Safari/537.36\"\n","level":"info"}
{"message":"::1 - - [13/Jan/2021:12:02:36 +0000] \"GET /images/1609345931928sauce3.jpg HTTP/1.1\" 304 - \"http://localhost:4200/\" \"Mozilla/5.0 (Windows NT 10.0; Win64; x64) AppleWebKit/537.36 (KHTML, like Gecko) Chrome/87.0.4280.88 Safari/537.36\"\n","level":"info"}
{"message":"::1 - - [13/Jan/2021:12:02:36 +0000] \"GET /images/1609346034317sauce5.jpg HTTP/1.1\" 304 - \"http://localhost:4200/\" \"Mozilla/5.0 (Windows NT 10.0; Win64; x64) AppleWebKit/537.36 (KHTML, like Gecko) Chrome/87.0.4280.88 Safari/537.36\"\n","level":"info"}
{"message":"::1 - - [13/Jan/2021:12:02:36 +0000] \"GET /images/1609346098052sauce4.jpg HTTP/1.1\" 304 - \"http://localhost:4200/\" \"Mozilla/5.0 (Windows NT 10.0; Win64; x64) AppleWebKit/537.36 (KHTML, like Gecko) Chrome/87.0.4280.88 Safari/537.36\"\n","level":"info"}
{"message":"::1 - - [13/Jan/2021:12:02:36 +0000] \"GET /images/1609752972735sauce1.jpg HTTP/1.1\" 304 - \"http://localhost:4200/\" \"Mozilla/5.0 (Windows NT 10.0; Win64; x64) AppleWebKit/537.36 (KHTML, like Gecko) Chrome/87.0.4280.88 Safari/537.36\"\n","level":"info"}
{"message":"::1 - - [13/Jan/2021:12:02:36 +0000] \"GET /images/1610453871556sauce4.jpg HTTP/1.1\" 304 - \"http://localhost:4200/\" \"Mozilla/5.0 (Windows NT 10.0; Win64; x64) AppleWebKit/537.36 (KHTML, like Gecko) Chrome/87.0.4280.88 Safari/537.36\"\n","level":"info"}
{"message":"::1 - - [13/Jan/2021:12:08:34 +0000] \"OPTIONS /api/auth/login HTTP/1.1\" 200 4 \"http://localhost:4200/\" \"Mozilla/5.0 (Windows NT 10.0; Win64; x64) AppleWebKit/537.36 (KHTML, like Gecko) Chrome/87.0.4280.88 Safari/537.36\"\n","level":"info"}
{"message":"::1 - - [13/Jan/2021:12:08:34 +0000] \"POST /api/auth/login HTTP/1.1\" 401 52 \"http://localhost:4200/\" \"Mozilla/5.0 (Windows NT 10.0; Win64; x64) AppleWebKit/537.36 (KHTML, like Gecko) Chrome/87.0.4280.88 Safari/537.36\"\n","level":"info"}
{"message":"::1 - - [13/Jan/2021:12:08:52 +0000] \"OPTIONS /api/auth/signup HTTP/1.1\" 200 4 \"http://localhost:4200/\" \"Mozilla/5.0 (Windows NT 10.0; Win64; x64) AppleWebKit/537.36 (KHTML, like Gecko) Chrome/87.0.4280.88 Safari/537.36\"\n","level":"info"}
{"message":"::1 - - [13/Jan/2021:12:08:54 +0000] \"POST /api/auth/signup HTTP/1.1\" 500 12 \"http://localhost:4200/\" \"Mozilla/5.0 (Windows NT 10.0; Win64; x64) AppleWebKit/537.36 (KHTML, like Gecko) Chrome/87.0.4280.88 Safari/537.36\"\n","level":"info"}
{"message":"::1 - - [13/Jan/2021:12:09:28 +0000] \"OPTIONS /api/auth/signup HTTP/1.1\" 200 4 \"http://localhost:4200/\" \"Mozilla/5.0 (Windows NT 10.0; Win64; x64) AppleWebKit/537.36 (KHTML, like Gecko) Chrome/87.0.4280.88 Safari/537.36\"\n","level":"info"}
{"message":"::1 - - [13/Jan/2021:12:09:30 +0000] \"POST /api/auth/signup HTTP/1.1\" 200 45 \"http://localhost:4200/\" \"Mozilla/5.0 (Windows NT 10.0; Win64; x64) AppleWebKit/537.36 (KHTML, like Gecko) Chrome/87.0.4280.88 Safari/537.36\"\n","level":"info"}
{"message":"::1 - - [13/Jan/2021:12:09:30 +0000] \"OPTIONS /api/auth/login HTTP/1.1\" 200 4 \"http://localhost:4200/\" \"Mozilla/5.0 (Windows NT 10.0; Win64; x64) AppleWebKit/537.36 (KHTML, like Gecko) Chrome/87.0.4280.88 Safari/537.36\"\n","level":"info"}
{"message":"::1 - - [13/Jan/2021:12:09:32 +0000] \"POST /api/auth/login HTTP/1.1\" 200 224 \"http://localhost:4200/\" \"Mozilla/5.0 (Windows NT 10.0; Win64; x64) AppleWebKit/537.36 (KHTML, like Gecko) Chrome/87.0.4280.88 Safari/537.36\"\n","level":"info"}
{"message":"::1 - - [13/Jan/2021:12:09:32 +0000] \"OPTIONS /api/sauces HTTP/1.1\" 200 13 \"http://localhost:4200/\" \"Mozilla/5.0 (Windows NT 10.0; Win64; x64) AppleWebKit/537.36 (KHTML, like Gecko) Chrome/87.0.4280.88 Safari/537.36\"\n","level":"info"}
{"message":"::1 - - [13/Jan/2021:12:09:32 +0000] \"GET /api/sauces HTTP/1.1\" 304 - \"http://localhost:4200/\" \"Mozilla/5.0 (Windows NT 10.0; Win64; x64) AppleWebKit/537.36 (KHTML, like Gecko) Chrome/87.0.4280.88 Safari/537.36\"\n","level":"info"}
{"message":"::1 - - [13/Jan/2021:12:37:03 +0000] \"OPTIONS /api/auth/signup HTTP/1.1\" 200 4 \"http://localhost:4200/\" \"Mozilla/5.0 (Windows NT 10.0; Win64; x64) AppleWebKit/537.36 (KHTML, like Gecko) Chrome/87.0.4280.88 Safari/537.36\"\n","level":"info"}
{"message":"::1 - - [13/Jan/2021:12:37:05 +0000] \"POST /api/auth/signup HTTP/1.1\" 200 45 \"http://localhost:4200/\" \"Mozilla/5.0 (Windows NT 10.0; Win64; x64) AppleWebKit/537.36 (KHTML, like Gecko) Chrome/87.0.4280.88 Safari/537.36\"\n","level":"info"}
{"message":"::1 - - [13/Jan/2021:12:37:05 +0000] \"OPTIONS /api/auth/login HTTP/1.1\" 200 4 \"http://localhost:4200/\" \"Mozilla/5.0 (Windows NT 10.0; Win64; x64) AppleWebKit/537.36 (KHTML, like Gecko) Chrome/87.0.4280.88 Safari/537.36\"\n","level":"info"}
{"message":"::1 - - [13/Jan/2021:12:37:07 +0000] \"POST /api/auth/login HTTP/1.1\" 200 224 \"http://localhost:4200/\" \"Mozilla/5.0 (Windows NT 10.0; Win64; x64) AppleWebKit/537.36 (KHTML, like Gecko) Chrome/87.0.4280.88 Safari/537.36\"\n","level":"info"}
{"message":"::1 - - [13/Jan/2021:12:37:07 +0000] \"OPTIONS /api/sauces HTTP/1.1\" 200 13 \"http://localhost:4200/\" \"Mozilla/5.0 (Windows NT 10.0; Win64; x64) AppleWebKit/537.36 (KHTML, like Gecko) Chrome/87.0.4280.88 Safari/537.36\"\n","level":"info"}
{"message":"::1 - - [13/Jan/2021:12:37:07 +0000] \"GET /api/sauces HTTP/1.1\" 200 2 \"http://localhost:4200/\" \"Mozilla/5.0 (Windows NT 10.0; Win64; x64) AppleWebKit/537.36 (KHTML, like Gecko) Chrome/87.0.4280.88 Safari/537.36\"\n","level":"info"}
{"message":"::1 - - [13/Jan/2021:12:38:06 +0000] \"OPTIONS /api/sauces HTTP/1.1\" 200 13 \"http://localhost:4200/\" \"Mozilla/5.0 (Windows NT 10.0; Win64; x64) AppleWebKit/537.36 (KHTML, like Gecko) Chrome/87.0.4280.88 Safari/537.36\"\n","level":"info"}
{"message":"::1 - - [13/Jan/2021:12:38:06 +0000] \"POST /api/sauces HTTP/1.1\" 201 38 \"http://localhost:4200/\" \"Mozilla/5.0 (Windows NT 10.0; Win64; x64) AppleWebKit/537.36 (KHTML, like Gecko) Chrome/87.0.4280.88 Safari/537.36\"\n","level":"info"}
{"message":"::1 - - [13/Jan/2021:12:38:06 +0000] \"GET /api/sauces HTTP/1.1\" 200 359 \"http://localhost:4200/\" \"Mozilla/5.0 (Windows NT 10.0; Win64; x64) AppleWebKit/537.36 (KHTML, like Gecko) Chrome/87.0.4280.88 Safari/537.36\"\n","level":"info"}
{"message":"::1 - - [13/Jan/2021:12:38:06 +0000] \"GET /images/1610541486432sauce2.jpg HTTP/1.1\" 200 6044 \"http://localhost:4200/\" \"Mozilla/5.0 (Windows NT 10.0; Win64; x64) AppleWebKit/537.36 (KHTML, like Gecko) Chrome/87.0.4280.88 Safari/537.36\"\n","level":"info"}
{"message":"::1 - - [13/Jan/2021:12:38:56 +0000] \"OPTIONS /api/sauces HTTP/1.1\" 200 13 \"http://localhost:4200/\" \"Mozilla/5.0 (Windows NT 10.0; Win64; x64) AppleWebKit/537.36 (KHTML, like Gecko) Chrome/87.0.4280.88 Safari/537.36\"\n","level":"info"}
{"message":"::1 - - [13/Jan/2021:12:38:56 +0000] \"POST /api/sauces HTTP/1.1\" 201 38 \"http://localhost:4200/\" \"Mozilla/5.0 (Windows NT 10.0; Win64; x64) AppleWebKit/537.36 (KHTML, like Gecko) Chrome/87.0.4280.88 Safari/537.36\"\n","level":"info"}
{"message":"::1 - - [13/Jan/2021:12:38:56 +0000] \"GET /api/sauces HTTP/1.1\" 200 688 \"http://localhost:4200/\" \"Mozilla/5.0 (Windows NT 10.0; Win64; x64) AppleWebKit/537.36 (KHTML, like Gecko) Chrome/87.0.4280.88 Safari/537.36\"\n","level":"info"}
{"message":"::1 - - [13/Jan/2021:12:38:56 +0000] \"GET /images/1610541536473sauce3.jpg HTTP/1.1\" 200 4851 \"http://localhost:4200/\" \"Mozilla/5.0 (Windows NT 10.0; Win64; x64) AppleWebKit/537.36 (KHTML, like Gecko) Chrome/87.0.4280.88 Safari/537.36\"\n","level":"info"}
{"message":"::1 - - [13/Jan/2021:12:39:54 +0000] \"OPTIONS /api/sauces HTTP/1.1\" 200 13 \"http://localhost:4200/\" \"Mozilla/5.0 (Windows NT 10.0; Win64; x64) AppleWebKit/537.36 (KHTML, like Gecko) Chrome/87.0.4280.88 Safari/537.36\"\n","level":"info"}
{"message":"::1 - - [13/Jan/2021:12:39:54 +0000] \"GET /api/sauces HTTP/1.1\" 304 - \"http://localhost:4200/\" \"Mozilla/5.0 (Windows NT 10.0; Win64; x64) AppleWebKit/537.36 (KHTML, like Gecko) Chrome/87.0.4280.88 Safari/537.36\"\n","level":"info"}
{"message":"::1 - - [13/Jan/2021:12:40:35 +0000] \"OPTIONS /api/sauces HTTP/1.1\" 200 13 \"http://localhost:4200/\" \"Mozilla/5.0 (Windows NT 10.0; Win64; x64) AppleWebKit/537.36 (KHTML, like Gecko) Chrome/87.0.4280.88 Safari/537.36\"\n","level":"info"}
{"message":"::1 - - [13/Jan/2021:12:40:35 +0000] \"POST /api/sauces HTTP/1.1\" 201 38 \"http://localhost:4200/\" \"Mozilla/5.0 (Windows NT 10.0; Win64; x64) AppleWebKit/537.36 (KHTML, like Gecko) Chrome/87.0.4280.88 Safari/537.36\"\n","level":"info"}
{"message":"::1 - - [13/Jan/2021:12:40:35 +0000] \"GET /api/sauces HTTP/1.1\" 200 1002 \"http://localhost:4200/\" \"Mozilla/5.0 (Windows NT 10.0; Win64; x64) AppleWebKit/537.36 (KHTML, like Gecko) Chrome/87.0.4280.88 Safari/537.36\"\n","level":"info"}
{"message":"::1 - - [13/Jan/2021:12:40:35 +0000] \"GET /images/1610541486432sauce2.jpg HTTP/1.1\" 304 - \"http://localhost:4200/\" \"Mozilla/5.0 (Windows NT 10.0; Win64; x64) AppleWebKit/537.36 (KHTML, like Gecko) Chrome/87.0.4280.88 Safari/537.36\"\n","level":"info"}
{"message":"::1 - - [13/Jan/2021:12:40:35 +0000] \"GET /images/1610541536473sauce3.jpg HTTP/1.1\" 304 - \"http://localhost:4200/\" \"Mozilla/5.0 (Windows NT 10.0; Win64; x64) AppleWebKit/537.36 (KHTML, like Gecko) Chrome/87.0.4280.88 Safari/537.36\"\n","level":"info"}
{"message":"::1 - - [13/Jan/2021:12:40:35 +0000] \"GET /images/1610541635658sauce4.jpg HTTP/1.1\" 200 12620 \"http://localhost:4200/\" \"Mozilla/5.0 (Windows NT 10.0; Win64; x64) AppleWebKit/537.36 (KHTML, like Gecko) Chrome/87.0.4280.88 Safari/537.36\"\n","level":"info"}
{"message":"::1 - - [13/Jan/2021:12:40:41 +0000] \"OPTIONS /api/sauces/5ffeea430f754952c419f345 HTTP/1.1\" 200 19 \"http://localhost:4200/\" \"Mozilla/5.0 (Windows NT 10.0; Win64; x64) AppleWebKit/537.36 (KHTML, like Gecko) Chrome/87.0.4280.88 Safari/537.36\"\n","level":"info"}
{"message":"::1 - - [13/Jan/2021:12:40:41 +0000] \"GET /api/sauces/5ffeea430f754952c419f345 HTTP/1.1\" 200 313 \"http://localhost:4200/\" \"Mozilla/5.0 (Windows NT 10.0; Win64; x64) AppleWebKit/537.36 (KHTML, like Gecko) Chrome/87.0.4280.88 Safari/537.36\"\n","level":"info"}
{"message":"::1 - - [13/Jan/2021:12:40:52 +0000] \"OPTIONS /api/sauces/5ffeea430f754952c419f345/like HTTP/1.1\" 200 4 \"http://localhost:4200/\" \"Mozilla/5.0 (Windows NT 10.0; Win64; x64) AppleWebKit/537.36 (KHTML, like Gecko) Chrome/87.0.4280.88 Safari/537.36\"\n","level":"info"}
{"message":"::1 - - [13/Jan/2021:12:40:52 +0000] \"POST /api/sauces/5ffeea430f754952c419f345/like HTTP/1.1\" 200 28 \"http://localhost:4200/\" \"Mozilla/5.0 (Windows NT 10.0; Win64; x64) AppleWebKit/537.36 (KHTML, like Gecko) Chrome/87.0.4280.88 Safari/537.36\"\n","level":"info"}
{"message":"::1 - - [13/Jan/2021:12:40:56 +0000] \"OPTIONS /api/sauces HTTP/1.1\" 200 13 \"http://localhost:4200/\" \"Mozilla/5.0 (Windows NT 10.0; Win64; x64) AppleWebKit/537.36 (KHTML, like Gecko) Chrome/87.0.4280.88 Safari/537.36\"\n","level":"info"}
{"message":"::1 - - [13/Jan/2021:12:40:56 +0000] \"GET /api/sauces HTTP/1.1\" 200 1028 \"http://localhost:4200/\" \"Mozilla/5.0 (Windows NT 10.0; Win64; x64) AppleWebKit/537.36 (KHTML, like Gecko) Chrome/87.0.4280.88 Safari/537.36\"\n","level":"info"}
{"message":"::1 - - [13/Jan/2021:12:40:57 +0000] \"OPTIONS /api/sauces/5ffee9e00f754952c419f344 HTTP/1.1\" 200 19 \"http://localhost:4200/\" \"Mozilla/5.0 (Windows NT 10.0; Win64; x64) AppleWebKit/537.36 (KHTML, like Gecko) Chrome/87.0.4280.88 Safari/537.36\"\n","level":"info"}
{"message":"::1 - - [13/Jan/2021:12:40:57 +0000] \"GET /api/sauces/5ffee9e00f754952c419f344 HTTP/1.1\" 200 328 \"http://localhost:4200/\" \"Mozilla/5.0 (Windows NT 10.0; Win64; x64) AppleWebKit/537.36 (KHTML, like Gecko) Chrome/87.0.4280.88 Safari/537.36\"\n","level":"info"}
{"message":"::1 - - [13/Jan/2021:12:40:58 +0000] \"OPTIONS /api/sauces/5ffee9e00f754952c419f344/like HTTP/1.1\" 200 4 \"http://localhost:4200/\" \"Mozilla/5.0 (Windows NT 10.0; Win64; x64) AppleWebKit/537.36 (KHTML, like Gecko) Chrome/87.0.4280.88 Safari/537.36\"\n","level":"info"}
{"message":"::1 - - [13/Jan/2021:12:40:58 +0000] \"POST /api/sauces/5ffee9e00f754952c419f344/like HTTP/1.1\" 200 31 \"http://localhost:4200/\" \"Mozilla/5.0 (Windows NT 10.0; Win64; x64) AppleWebKit/537.36 (KHTML, like Gecko) Chrome/87.0.4280.88 Safari/537.36\"\n","level":"info"}
{"message":"::1 - - [13/Jan/2021:12:41:00 +0000] \"GET /api/sauces HTTP/1.1\" 200 1054 \"http://localhost:4200/\" \"Mozilla/5.0 (Windows NT 10.0; Win64; x64) AppleWebKit/537.36 (KHTML, like Gecko) Chrome/87.0.4280.88 Safari/537.36\"\n","level":"info"}
{"message":"::1 - - [13/Jan/2021:12:41:00 +0000] \"GET /images/1610541635658sauce4.jpg HTTP/1.1\" 304 - \"http://localhost:4200/\" \"Mozilla/5.0 (Windows NT 10.0; Win64; x64) AppleWebKit/537.36 (KHTML, like Gecko) Chrome/87.0.4280.88 Safari/537.36\"\n","level":"info"}
{"message":"::1 - - [13/Jan/2021:12:41:00 +0000] \"GET /images/1610541486432sauce2.jpg HTTP/1.1\" 304 - \"http://localhost:4200/\" \"Mozilla/5.0 (Windows NT 10.0; Win64; x64) AppleWebKit/537.36 (KHTML, like Gecko) Chrome/87.0.4280.88 Safari/537.36\"\n","level":"info"}
{"message":"::1 - - [13/Jan/2021:12:41:01 +0000] \"OPTIONS /api/sauces/5ffee9ae0f754952c419f343 HTTP/1.1\" 200 19 \"http://localhost:4200/\" \"Mozilla/5.0 (Windows NT 10.0; Win64; x64) AppleWebKit/537.36 (KHTML, like Gecko) Chrome/87.0.4280.88 Safari/537.36\"\n","level":"info"}
{"message":"::1 - - [13/Jan/2021:12:41:01 +0000] \"GET /api/sauces/5ffee9ae0f754952c419f343 HTTP/1.1\" 200 357 \"http://localhost:4200/\" \"Mozilla/5.0 (Windows NT 10.0; Win64; x64) AppleWebKit/537.36 (KHTML, like Gecko) Chrome/87.0.4280.88 Safari/537.36\"\n","level":"info"}
{"message":"::1 - - [13/Jan/2021:12:41:02 +0000] \"OPTIONS /api/sauces/5ffee9ae0f754952c419f343/like HTTP/1.1\" 200 4 \"http://localhost:4200/\" \"Mozilla/5.0 (Windows NT 10.0; Win64; x64) AppleWebKit/537.36 (KHTML, like Gecko) Chrome/87.0.4280.88 Safari/537.36\"\n","level":"info"}
{"message":"::1 - - [13/Jan/2021:12:41:02 +0000] \"POST /api/sauces/5ffee9ae0f754952c419f343/like HTTP/1.1\" 200 28 \"http://localhost:4200/\" \"Mozilla/5.0 (Windows NT 10.0; Win64; x64) AppleWebKit/537.36 (KHTML, like Gecko) Chrome/87.0.4280.88 Safari/537.36\"\n","level":"info"}
{"message":"::1 - - [13/Jan/2021:12:41:07 +0000] \"OPTIONS /api/sauces HTTP/1.1\" 200 13 \"http://localhost:4200/\" \"Mozilla/5.0 (Windows NT 10.0; Win64; x64) AppleWebKit/537.36 (KHTML, like Gecko) Chrome/87.0.4280.88 Safari/537.36\"\n","level":"info"}
{"message":"::1 - - [13/Jan/2021:12:41:07 +0000] \"GET /api/sauces HTTP/1.1\" 200 1080 \"http://localhost:4200/\" \"Mozilla/5.0 (Windows NT 10.0; Win64; x64) AppleWebKit/537.36 (KHTML, like Gecko) Chrome/87.0.4280.88 Safari/537.36\"\n","level":"info"}
{"message":"::1 - - [13/Jan/2021:12:41:12 +0000] \"GET /api/sauces HTTP/1.1\" 304 - \"http://localhost:4200/\" \"Mozilla/5.0 (Windows NT 10.0; Win64; x64) AppleWebKit/537.36 (KHTML, like Gecko) Chrome/87.0.4280.88 Safari/537.36\"\n","level":"info"}
{"message":"::1 - - [13/Jan/2021:12:41:55 +0000] \"OPTIONS /api/sauces HTTP/1.1\" 200 13 \"http://localhost:4200/\" \"Mozilla/5.0 (Windows NT 10.0; Win64; x64) AppleWebKit/537.36 (KHTML, like Gecko) Chrome/87.0.4280.88 Safari/537.36\"\n","level":"info"}
{"message":"::1 - - [13/Jan/2021:12:41:55 +0000] \"POST /api/sauces HTTP/1.1\" 201 38 \"http://localhost:4200/\" \"Mozilla/5.0 (Windows NT 10.0; Win64; x64) AppleWebKit/537.36 (KHTML, like Gecko) Chrome/87.0.4280.88 Safari/537.36\"\n","level":"info"}
{"message":"::1 - - [13/Jan/2021:12:41:55 +0000] \"GET /api/sauces HTTP/1.1\" 200 1373 \"http://localhost:4200/\" \"Mozilla/5.0 (Windows NT 10.0; Win64; x64) AppleWebKit/537.36 (KHTML, like Gecko) Chrome/87.0.4280.88 Safari/537.36\"\n","level":"info"}
{"message":"::1 - - [13/Jan/2021:12:41:55 +0000] \"GET /images/1610541486432sauce2.jpg HTTP/1.1\" 304 - \"http://localhost:4200/\" \"Mozilla/5.0 (Windows NT 10.0; Win64; x64) AppleWebKit/537.36 (KHTML, like Gecko) Chrome/87.0.4280.88 Safari/537.36\"\n","level":"info"}
{"message":"::1 - - [13/Jan/2021:12:41:55 +0000] \"GET /images/1610541536473sauce3.jpg HTTP/1.1\" 304 - \"http://localhost:4200/\" \"Mozilla/5.0 (Windows NT 10.0; Win64; x64) AppleWebKit/537.36 (KHTML, like Gecko) Chrome/87.0.4280.88 Safari/537.36\"\n","level":"info"}
{"message":"::1 - - [13/Jan/2021:12:41:55 +0000] \"GET /images/1610541635658sauce4.jpg HTTP/1.1\" 304 - \"http://localhost:4200/\" \"Mozilla/5.0 (Windows NT 10.0; Win64; x64) AppleWebKit/537.36 (KHTML, like Gecko) Chrome/87.0.4280.88 Safari/537.36\"\n","level":"info"}
{"message":"::1 - - [13/Jan/2021:12:41:55 +0000] \"GET /images/1610541715673sauce5.jpg HTTP/1.1\" 200 8374 \"http://localhost:4200/\" \"Mozilla/5.0 (Windows NT 10.0; Win64; x64) AppleWebKit/537.36 (KHTML, like Gecko) Chrome/87.0.4280.88 Safari/537.36\"\n","level":"info"}
{"message":"::1 - - [13/Jan/2021:12:41:58 +0000] \"OPTIONS /api/sauces/5ffeea930f754952c419f346 HTTP/1.1\" 200 19 \"http://localhost:4200/\" \"Mozilla/5.0 (Windows NT 10.0; Win64; x64) AppleWebKit/537.36 (KHTML, like Gecko) Chrome/87.0.4280.88 Safari/537.36\"\n","level":"info"}
{"message":"::1 - - [13/Jan/2021:12:41:58 +0000] \"GET /api/sauces/5ffeea930f754952c419f346 HTTP/1.1\" 200 292 \"http://localhost:4200/\" \"Mozilla/5.0 (Windows NT 10.0; Win64; x64) AppleWebKit/537.36 (KHTML, like Gecko) Chrome/87.0.4280.88 Safari/537.36\"\n","level":"info"}
{"message":"::1 - - [13/Jan/2021:12:42:48 +0000] \"OPTIONS /api/sauces/5ffeea930f754952c419f346 HTTP/1.1\" 200 19 \"http://localhost:4200/\" \"Mozilla/5.0 (Windows NT 10.0; Win64; x64) AppleWebKit/537.36 (KHTML, like Gecko) Chrome/87.0.4280.88 Safari/537.36\"\n","level":"info"}
{"message":"::1 - - [13/Jan/2021:12:42:48 +0000] \"GET /api/sauces/5ffeea930f754952c419f346 HTTP/1.1\" 304 - \"http://localhost:4200/\" \"Mozilla/5.0 (Windows NT 10.0; Win64; x64) AppleWebKit/537.36 (KHTML, like Gecko) Chrome/87.0.4280.88 Safari/537.36\"\n","level":"info"}
{"message":"::1 - - [13/Jan/2021:12:43:04 +0000] \"OPTIONS /api/sauces/5ffeea930f754952c419f346 HTTP/1.1\" 200 19 \"http://localhost:4200/\" \"Mozilla/5.0 (Windows NT 10.0; Win64; x64) AppleWebKit/537.36 (KHTML, like Gecko) Chrome/87.0.4280.88 Safari/537.36\"\n","level":"info"}
{"message":"::1 - - [13/Jan/2021:12:43:04 +0000] \"PUT /api/sauces/5ffeea930f754952c419f346 HTTP/1.1\" 200 30 \"http://localhost:4200/\" \"Mozilla/5.0 (Windows NT 10.0; Win64; x64) AppleWebKit/537.36 (KHTML, like Gecko) Chrome/87.0.4280.88 Safari/537.36\"\n","level":"info"}
{"message":"::1 - - [13/Jan/2021:12:43:04 +0000] \"OPTIONS /api/sauces HTTP/1.1\" 200 13 \"http://localhost:4200/\" \"Mozilla/5.0 (Windows NT 10.0; Win64; x64) AppleWebKit/537.36 (KHTML, like Gecko) Chrome/87.0.4280.88 Safari/537.36\"\n","level":"info"}
{"message":"::1 - - [13/Jan/2021:12:43:04 +0000] \"GET /api/sauces HTTP/1.1\" 200 1369 \"http://localhost:4200/\" \"Mozilla/5.0 (Windows NT 10.0; Win64; x64) AppleWebKit/537.36 (KHTML, like Gecko) Chrome/87.0.4280.88 Safari/537.36\"\n","level":"info"}
{"message":"::1 - - [13/Jan/2021:12:43:06 +0000] \"OPTIONS /api/sauces/5ffeea430f754952c419f345 HTTP/1.1\" 200 19 \"http://localhost:4200/\" \"Mozilla/5.0 (Windows NT 10.0; Win64; x64) AppleWebKit/537.36 (KHTML, like Gecko) Chrome/87.0.4280.88 Safari/537.36\"\n","level":"info"}
{"message":"::1 - - [13/Jan/2021:12:43:06 +0000] \"GET /api/sauces/5ffeea430f754952c419f345 HTTP/1.1\" 200 339 \"http://localhost:4200/\" \"Mozilla/5.0 (Windows NT 10.0; Win64; x64) AppleWebKit/537.36 (KHTML, like Gecko) Chrome/87.0.4280.88 Safari/537.36\"\n","level":"info"}
{"message":"::1 - - [13/Jan/2021:12:43:08 +0000] \"GET /api/sauces/5ffeea430f754952c419f345 HTTP/1.1\" 304 - \"http://localhost:4200/\" \"Mozilla/5.0 (Windows NT 10.0; Win64; x64) AppleWebKit/537.36 (KHTML, like Gecko) Chrome/87.0.4280.88 Safari/537.36\"\n","level":"info"}
{"message":"::1 - - [13/Jan/2021:12:43:22 +0000] \"OPTIONS /api/sauces/5ffeea430f754952c419f345 HTTP/1.1\" 200 19 \"http://localhost:4200/\" \"Mozilla/5.0 (Windows NT 10.0; Win64; x64) AppleWebKit/537.36 (KHTML, like Gecko) Chrome/87.0.4280.88 Safari/537.36\"\n","level":"info"}
{"message":"::1 - - [13/Jan/2021:12:43:22 +0000] \"PUT /api/sauces/5ffeea430f754952c419f345 HTTP/1.1\" 200 30 \"http://localhost:4200/\" \"Mozilla/5.0 (Windows NT 10.0; Win64; x64) AppleWebKit/537.36 (KHTML, like Gecko) Chrome/87.0.4280.88 Safari/537.36\"\n","level":"info"}
{"message":"::1 - - [13/Jan/2021:12:43:22 +0000] \"OPTIONS /api/sauces HTTP/1.1\" 200 13 \"http://localhost:4200/\" \"Mozilla/5.0 (Windows NT 10.0; Win64; x64) AppleWebKit/537.36 (KHTML, like Gecko) Chrome/87.0.4280.88 Safari/537.36\"\n","level":"info"}
{"message":"::1 - - [13/Jan/2021:12:43:22 +0000] \"GET /api/sauces HTTP/1.1\" 200 1365 \"http://localhost:4200/\" \"Mozilla/5.0 (Windows NT 10.0; Win64; x64) AppleWebKit/537.36 (KHTML, like Gecko) Chrome/87.0.4280.88 Safari/537.36\"\n","level":"info"}
{"message":"::1 - - [13/Jan/2021:12:43:22 +0000] \"GET /images/1610541486432sauce2.jpg HTTP/1.1\" 304 - \"http://localhost:4200/\" \"Mozilla/5.0 (Windows NT 10.0; Win64; x64) AppleWebKit/537.36 (KHTML, like Gecko) Chrome/87.0.4280.88 Safari/537.36\"\n","level":"info"}
{"message":"::1 - - [13/Jan/2021:12:43:22 +0000] \"GET /images/1610541536473sauce3.jpg HTTP/1.1\" 304 - \"http://localhost:4200/\" \"Mozilla/5.0 (Windows NT 10.0; Win64; x64) AppleWebKit/537.36 (KHTML, like Gecko) Chrome/87.0.4280.88 Safari/537.36\"\n","level":"info"}
{"message":"::1 - - [13/Jan/2021:12:43:25 +0000] \"OPTIONS /api/sauces/5ffee9e00f754952c419f344 HTTP/1.1\" 200 19 \"http://localhost:4200/\" \"Mozilla/5.0 (Windows NT 10.0; Win64; x64) AppleWebKit/537.36 (KHTML, like Gecko) Chrome/87.0.4280.88 Safari/537.36\"\n","level":"info"}
{"message":"::1 - - [13/Jan/2021:12:43:25 +0000] \"GET /api/sauces/5ffee9e00f754952c419f344 HTTP/1.1\" 200 354 \"http://localhost:4200/\" \"Mozilla/5.0 (Windows NT 10.0; Win64; x64) AppleWebKit/537.36 (KHTML, like Gecko) Chrome/87.0.4280.88 Safari/537.36\"\n","level":"info"}
{"message":"::1 - - [13/Jan/2021:12:43:27 +0000] \"GET /api/sauces/5ffee9e00f754952c419f344 HTTP/1.1\" 304 - \"http://localhost:4200/\" \"Mozilla/5.0 (Windows NT 10.0; Win64; x64) AppleWebKit/537.36 (KHTML, like Gecko) Chrome/87.0.4280.88 Safari/537.36\"\n","level":"info"}
{"message":"::1 - - [13/Jan/2021:12:43:50 +0000] \"OPTIONS /api/sauces/5ffee9e00f754952c419f344 HTTP/1.1\" 200 19 \"http://localhost:4200/\" \"Mozilla/5.0 (Windows NT 10.0; Win64; x64) AppleWebKit/537.36 (KHTML, like Gecko) Chrome/87.0.4280.88 Safari/537.36\"\n","level":"info"}
{"message":"::1 - - [13/Jan/2021:12:43:50 +0000] \"PUT /api/sauces/5ffee9e00f754952c419f344 HTTP/1.1\" 200 30 \"http://localhost:4200/\" \"Mozilla/5.0 (Windows NT 10.0; Win64; x64) AppleWebKit/537.36 (KHTML, like Gecko) Chrome/87.0.4280.88 Safari/537.36\"\n","level":"info"}
{"message":"::1 - - [13/Jan/2021:12:43:50 +0000] \"OPTIONS /api/sauces HTTP/1.1\" 200 13 \"http://localhost:4200/\" \"Mozilla/5.0 (Windows NT 10.0; Win64; x64) AppleWebKit/537.36 (KHTML, like Gecko) Chrome/87.0.4280.88 Safari/537.36\"\n","level":"info"}
{"message":"::1 - - [13/Jan/2021:12:43:50 +0000] \"GET /api/sauces HTTP/1.1\" 200 1361 \"http://localhost:4200/\" \"Mozilla/5.0 (Windows NT 10.0; Win64; x64) AppleWebKit/537.36 (KHTML, like Gecko) Chrome/87.0.4280.88 Safari/537.36\"\n","level":"info"}
{"message":"::1 - - [13/Jan/2021:12:43:50 +0000] \"GET /images/1610541486432sauce2.jpg HTTP/1.1\" 304 - \"http://localhost:4200/\" \"Mozilla/5.0 (Windows NT 10.0; Win64; x64) AppleWebKit/537.36 (KHTML, like Gecko) Chrome/87.0.4280.88 Safari/537.36\"\n","level":"info"}
{"message":"::1 - - [13/Jan/2021:12:43:54 +0000] \"OPTIONS /api/sauces/5ffee9ae0f754952c419f343 HTTP/1.1\" 200 19 \"http://localhost:4200/\" \"Mozilla/5.0 (Windows NT 10.0; Win64; x64) AppleWebKit/537.36 (KHTML, like Gecko) Chrome/87.0.4280.88 Safari/537.36\"\n","level":"info"}
{"message":"::1 - - [13/Jan/2021:12:43:54 +0000] \"GET /api/sauces/5ffee9ae0f754952c419f343 HTTP/1.1\" 200 383 \"http://localhost:4200/\" \"Mozilla/5.0 (Windows NT 10.0; Win64; x64) AppleWebKit/537.36 (KHTML, like Gecko) Chrome/87.0.4280.88 Safari/537.36\"\n","level":"info"}
{"message":"::1 - - [13/Jan/2021:12:44:01 +0000] \"OPTIONS /api/sauces/5ffee9ae0f754952c419f343 HTTP/1.1\" 200 19 \"http://localhost:4200/\" \"Mozilla/5.0 (Windows NT 10.0; Win64; x64) AppleWebKit/537.36 (KHTML, like Gecko) Chrome/87.0.4280.88 Safari/537.36\"\n","level":"info"}
{"message":"::1 - - [13/Jan/2021:12:44:01 +0000] \"GET /api/sauces/5ffee9ae0f754952c419f343 HTTP/1.1\" 304 - \"http://localhost:4200/\" \"Mozilla/5.0 (Windows NT 10.0; Win64; x64) AppleWebKit/537.36 (KHTML, like Gecko) Chrome/87.0.4280.88 Safari/537.36\"\n","level":"info"}
{"message":"::1 - - [13/Jan/2021:12:44:16 +0000] \"OPTIONS /api/sauces/5ffee9ae0f754952c419f343 HTTP/1.1\" 200 19 \"http://localhost:4200/\" \"Mozilla/5.0 (Windows NT 10.0; Win64; x64) AppleWebKit/537.36 (KHTML, like Gecko) Chrome/87.0.4280.88 Safari/537.36\"\n","level":"info"}
{"message":"::1 - - [13/Jan/2021:12:44:16 +0000] \"PUT /api/sauces/5ffee9ae0f754952c419f343 HTTP/1.1\" 200 30 \"http://localhost:4200/\" \"Mozilla/5.0 (Windows NT 10.0; Win64; x64) AppleWebKit/537.36 (KHTML, like Gecko) Chrome/87.0.4280.88 Safari/537.36\"\n","level":"info"}
{"message":"::1 - - [13/Jan/2021:12:44:16 +0000] \"OPTIONS /api/sauces HTTP/1.1\" 200 13 \"http://localhost:4200/\" \"Mozilla/5.0 (Windows NT 10.0; Win64; x64) AppleWebKit/537.36 (KHTML, like Gecko) Chrome/87.0.4280.88 Safari/537.36\"\n","level":"info"}
{"message":"::1 - - [13/Jan/2021:12:44:16 +0000] \"GET /api/sauces HTTP/1.1\" 200 1381 \"http://localhost:4200/\" \"Mozilla/5.0 (Windows NT 10.0; Win64; x64) AppleWebKit/537.36 (KHTML, like Gecko) Chrome/87.0.4280.88 Safari/537.36\"\n","level":"info"}
{"message":"::1 - - [13/Jan/2021:12:47:28 +0000] \"OPTIONS /api/sauces/5ffee9ae0f754952c419f343 HTTP/1.1\" 200 19 \"http://localhost:4200/\" \"Mozilla/5.0 (Windows NT 10.0; Win64; x64) AppleWebKit/537.36 (KHTML, like Gecko) Chrome/87.0.4280.88 Safari/537.36\"\n","level":"info"}
{"message":"::1 - - [13/Jan/2021:12:47:28 +0000] \"GET /api/sauces/5ffee9ae0f754952c419f343 HTTP/1.1\" 200 403 \"http://localhost:4200/\" \"Mozilla/5.0 (Windows NT 10.0; Win64; x64) AppleWebKit/537.36 (KHTML, like Gecko) Chrome/87.0.4280.88 Safari/537.36\"\n","level":"info"}
{"message":"::1 - - [13/Jan/2021:12:47:37 +0000] \"OPTIONS /api/sauces/5ffee9ae0f754952c419f343/like HTTP/1.1\" 200 4 \"http://localhost:4200/\" \"Mozilla/5.0 (Windows NT 10.0; Win64; x64) AppleWebKit/537.36 (KHTML, like Gecko) Chrome/87.0.4280.88 Safari/537.36\"\n","level":"info"}
{"message":"::1 - - [13/Jan/2021:12:47:37 +0000] \"POST /api/sauces/5ffee9ae0f754952c419f343/like HTTP/1.1\" 200 28 \"http://localhost:4200/\" \"Mozilla/5.0 (Windows NT 10.0; Win64; x64) AppleWebKit/537.36 (KHTML, like Gecko) Chrome/87.0.4280.88 Safari/537.36\"\n","level":"info"}
{"message":"::1 - - [13/Jan/2021:12:47:38 +0000] \"POST /api/sauces/5ffee9ae0f754952c419f343/like HTTP/1.1\" 200 28 \"http://localhost:4200/\" \"Mozilla/5.0 (Windows NT 10.0; Win64; x64) AppleWebKit/537.36 (KHTML, like Gecko) Chrome/87.0.4280.88 Safari/537.36\"\n","level":"info"}
{"message":"::1 - - [13/Jan/2021:12:48:42 +0000] \"OPTIONS /api/sauces HTTP/1.1\" 200 13 \"http://localhost:4200/\" \"Mozilla/5.0 (Windows NT 10.0; Win64; x64) AppleWebKit/537.36 (KHTML, like Gecko) Chrome/87.0.4280.88 Safari/537.36\"\n","level":"info"}
{"message":"::1 - - [13/Jan/2021:12:48:43 +0000] \"GET /api/sauces HTTP/1.1\" 304 - \"http://localhost:4200/\" \"Mozilla/5.0 (Windows NT 10.0; Win64; x64) AppleWebKit/537.36 (KHTML, like Gecko) Chrome/87.0.4280.88 Safari/537.36\"\n","level":"info"}
